<?xml version="1.0" encoding="UTF-8"?>
<!-- Generated by org.testng.reporters.JUnitReportReporter -->
<testsuite hostname="DESKTOP-5P3DPUL" failures="0" tests="6" name="com.crm.organization.CreateOrganizationName" time="55.629" errors="1" timestamp="2022-04-07T18:33:26 IST" skipped="5">
  <testcase classname="com.crm.organization.CreateOrganizationName" name="CreateOrganizationNameTest" time="9.459">
    <skipped/>
  </testcase> <!-- CreateOrganizationNameTest -->
  <system-out/>
  <testcase classname="com.crm.organization.CreateOrganizationName" name="CreateOrganizationNameTest" time="10.027">
    <skipped/>
  </testcase> <!-- CreateOrganizationNameTest -->
  <system-out/>
  <testcase classname="com.crm.organization.CreateOrganizationName" name="CreateOrganizationNameTest" time="9.908">
    <skipped/>
  </testcase> <!-- CreateOrganizationNameTest -->
  <system-out/>
  <testcase classname="com.crm.organization.CreateOrganizationName" name="CreateOrganizationNameTest" time="9.605">
    <skipped/>
  </testcase> <!-- CreateOrganizationNameTest -->
  <system-out/>
  <testcase classname="com.crm.organization.CreateOrganizationName" name="CreateOrganizationNameTest" time="8.638">
    <skipped/>
  </testcase> <!-- CreateOrganizationNameTest -->
  <system-out/>
  <testcase classname="com.crm.organization.CreateOrganizationName" name="CreateOrganizationNameTest" time="7.992">
    <error message="Cannot invoke &quot;String.equalsIgnoreCase(String)&quot; because &quot;name&quot; is null" type="java.lang.NullPointerException">
      <![CDATA[java.lang.NullPointerException: Cannot invoke "String.equalsIgnoreCase(String)" because "name" is null
at org.apache.poi.xssf.usermodel.XSSFWorkbook.getSheet(XSSFWorkbook.java:1167)
at org.apache.poi.xssf.usermodel.XSSFWorkbook.getSheet(XSSFWorkbook.java:108)
at com.crm.genericutility.ExcelUtility.fetchData(ExcelUtility.java:32)
at com.crm.organization.CreateOrganizationName.CreateOrganizationNameTest(CreateOrganizationName.java:56)
at java.base/jdk.internal.reflect.NativeMethodAccessorImpl.invoke0(Native Method)
at java.base/jdk.internal.reflect.NativeMethodAccessorImpl.invoke(NativeMethodAccessorImpl.java:78)
at java.base/jdk.internal.reflect.DelegatingMethodAccessorImpl.invoke(DelegatingMethodAccessorImpl.java:43)
at java.base/java.lang.reflect.Method.invoke(Method.java:567)
at org.testng.internal.MethodInvocationHelper.invokeMethod(MethodInvocationHelper.java:133)
at org.testng.internal.TestInvoker.invokeMethod(TestInvoker.java:598)
at org.testng.internal.TestInvoker.retryFailed(TestInvoker.java:213)
at org.testng.internal.MethodRunner.runInSequence(MethodRunner.java:58)
at org.testng.internal.TestInvoker$MethodInvocationAgent.invoke(TestInvoker.java:824)
at org.testng.internal.TestInvoker.invokeTestMethods(TestInvoker.java:146)
at org.testng.internal.TestMethodWorker.invokeTestMethods(TestMethodWorker.java:146)
at org.testng.internal.TestMethodWorker.run(TestMethodWorker.java:128)
at java.base/java.util.ArrayList.forEach(ArrayList.java:1511)
at org.testng.TestRunner.privateRun(TestRunner.java:794)
at org.testng.TestRunner.run(TestRunner.java:596)
at org.testng.SuiteRunner.runTest(SuiteRunner.java:377)
at org.testng.SuiteRunner.runSequentially(SuiteRunner.java:371)
at org.testng.SuiteRunner.privateRun(SuiteRunner.java:332)
at org.testng.SuiteRunner.run(SuiteRunner.java:276)
at org.testng.SuiteRunnerWorker.runSuite(SuiteRunnerWorker.java:53)
at org.testng.SuiteRunnerWorker.run(SuiteRunnerWorker.java:96)
at org.testng.TestNG.runSuitesSequentially(TestNG.java:1212)
at org.testng.TestNG.runSuitesLocally(TestNG.java:1134)
at org.testng.TestNG.runSuites(TestNG.java:1063)
at org.testng.TestNG.run(TestNG.java:1031)
at org.testng.remote.AbstractRemoteTestNG.run(AbstractRemoteTestNG.java:115)
at org.testng.remote.RemoteTestNG.initAndRun(RemoteTestNG.java:251)
at org.testng.remote.RemoteTestNG.main(RemoteTestNG.java:77)
]]>
    </error>
  </testcase> <!-- CreateOrganizationNameTest -->
  <system-out/>
</testsuite> <!-- com.crm.organization.CreateOrganizationName -->
