<?xml version="1.0" encoding="UTF-8"?>
<!-- Generated by org.testng.reporters.JUnitXMLReporter -->
<testsuite ignored="2" hostname="DESKTOP-5P3DPUL" failures="0" tests="2" name="Test1" time="61.162" errors="0" timestamp="2022-04-07T14:57:41 IST">
  <testcase classname="com.crm.organization.CreateOrganizationWithAssignedToMarketingGroup_TC11_Test" name="CreateOrganizationWithAssignedToMarketingGroup_TC11Test" time="15.458"/>
  <testcase classname="com.crm.organization.CreateOrganizationName" name="CreateOrganizationNameTest" time="11.897"/>
  <testcase classname="com.crm.genericutility.BaseClass" name="@BeforeSuite openDataBase" time="0.0">
    <ignored/>
  </testcase> <!-- @BeforeSuite openDataBase -->
  <testcase classname="com.crm.genericutility.BaseClass" name="@AfterSuite closeDBConnection" time="0.0">
    <ignored/>
  </testcase> <!-- @AfterSuite closeDBConnection -->
</testsuite> <!-- Test1 -->
