<?xml version="1.0" encoding="UTF-8"?>
<!-- Generated by org.testng.reporters.JUnitXMLReporter -->
<testsuite ignored="0" hostname="DESKTOP-5P3DPUL" failures="1" tests="6" name="Test" time="60.744" errors="0" timestamp="2022-04-07T18:33:25 IST">
  <testcase classname="com.crm.organization.CreateOrganizationName" name="CreateOrganizationNameTest" time="0.013">
    <skipped/>
  </testcase> <!-- CreateOrganizationNameTest -->
  <testcase classname="com.crm.organization.CreateOrganizationName" name="CreateOrganizationNameTest" time="0.004">
    <skipped/>
  </testcase> <!-- CreateOrganizationNameTest -->
  <testcase classname="com.crm.organization.CreateOrganizationName" name="CreateOrganizationNameTest" time="0.003">
    <skipped/>
  </testcase> <!-- CreateOrganizationNameTest -->
  <testcase classname="com.crm.organization.CreateOrganizationName" name="CreateOrganizationNameTest" time="0.002">
    <skipped/>
  </testcase> <!-- CreateOrganizationNameTest -->
  <testcase classname="com.crm.organization.CreateOrganizationName" name="CreateOrganizationNameTest" time="0.003">
    <skipped/>
  </testcase> <!-- CreateOrganizationNameTest -->
  <testcase classname="com.crm.organization.CreateOrganizationName" name="CreateOrganizationNameTest" time="0.001">
    <failure type="java.lang.NullPointerException" message="Cannot invoke &amp;quot;String.equalsIgnoreCase(String)&amp;quot; because &amp;quot;name&amp;quot; is null">
      <![CDATA[java.lang.NullPointerException: Cannot invoke "String.equalsIgnoreCase(String)" because "name" is null
at org.apache.poi.xssf.usermodel.XSSFWorkbook.getSheet(XSSFWorkbook.java:1167)
at org.apache.poi.xssf.usermodel.XSSFWorkbook.getSheet(XSSFWorkbook.java:108)
at com.crm.genericutility.ExcelUtility.fetchData(ExcelUtility.java:32)
at com.crm.organization.CreateOrganizationName.CreateOrganizationNameTest(CreateOrganizationName.java:56)
at java.base/java.util.ArrayList.forEach(ArrayList.java:1511)
... Removed 27 stack frames]]>
    </failure>
  </testcase> <!-- CreateOrganizationNameTest -->
</testsuite> <!-- Test -->
